<?xml version="1.0" encoding="UTF-8"?>
<testsuite name="com.github.nhaeutilities.modules.patterngenerator.recipe.GTRecipeSourceTest" tests="6" skipped="0" failures="0" errors="0" timestamp="2026-03-28T18:04:54" hostname="CHAO" time="0.008">
  <properties/>
  <testcase name="invalidateCollectionCacheDropsPreviouslyCollectedResults" classname="com.github.nhaeutilities.modules.patterngenerator.recipe.GTRecipeSourceTest" time="0.005"/>
  <testcase name="findMatchingRecipeMapsReturnsExactMapIdMatch" classname="com.github.nhaeutilities.modules.patterngenerator.recipe.GTRecipeSourceTest" time="0.001"/>
  <testcase name="findMatchingRecipeMapsMatchesSubstringAgainstMapIdAndTransferId" classname="com.github.nhaeutilities.modules.patterngenerator.recipe.GTRecipeSourceTest" time="0.0"/>
  <testcase name="collectRecipesIncludesMicrowaveBookFallbackRecipe" classname="com.github.nhaeutilities.modules.patterngenerator.recipe.GTRecipeSourceTest" time="0.001"/>
  <testcase name="collectRecipesIncludesDynamicFurnaceRecipesFromSmeltingList" classname="com.github.nhaeutilities.modules.patterngenerator.recipe.GTRecipeSourceTest" time="0.0"/>
  <testcase name="findMatchingRecipeMapsResolvesLegacyIdentifiers" classname="com.github.nhaeutilities.modules.patterngenerator.recipe.GTRecipeSourceTest" time="0.0"/>
  <system-out><![CDATA[]]></system-out>
  <system-err><![CDATA[]]></system-err>
</testsuite>
