<?xml version="1.0" encoding="UTF-8"?>
<testsuite name="com.github.nhaeutilities.modules.patterngenerator.storage.RecipeCacheMetadataTest" tests="5" skipped="0" failures="0" errors="0" timestamp="2026-03-28T18:04:54" hostname="CHAO" time="0.009">
  <properties/>
  <testcase name="updateModInfoReplacesCountsInsteadOfAccumulating" classname="com.github.nhaeutilities.modules.patterngenerator.storage.RecipeCacheMetadataTest" time="0.0"/>
  <testcase name="touchAdvancesLastUpdated" classname="com.github.nhaeutilities.modules.patterngenerator.storage.RecipeCacheMetadataTest" time="0.007"/>
  <testcase name="freshMetadataStartsWithCurrentVersionAndNoTotals" classname="com.github.nhaeutilities.modules.patterngenerator.storage.RecipeCacheMetadataTest" time="0.0"/>
  <testcase name="removeRecipeMapInfoUpdatesTotals" classname="com.github.nhaeutilities.modules.patterngenerator.storage.RecipeCacheMetadataTest" time="0.001"/>
  <testcase name="updateRecipeMapInfoRecalculatesTotals" classname="com.github.nhaeutilities.modules.patterngenerator.storage.RecipeCacheMetadataTest" time="0.0"/>
  <system-out><![CDATA[]]></system-out>
  <system-err><![CDATA[]]></system-err>
</testsuite>
