<?xml version="1.0" encoding="UTF-8"?>
<testsuite name="com.github.nhaeutilities.modules.patterngenerator.storage.RecipeCacheStorageTest" tests="9" skipped="0" failures="0" errors="0" timestamp="2026-03-28T18:04:54" hostname="CHAO" time="0.03">
  <properties/>
  <testcase name="cacheDirectoryUsesConfiguredDefaultSubdirectory" classname="com.github.nhaeutilities.modules.patterngenerator.storage.RecipeCacheStorageTest" time="0.001"/>
  <testcase name="restoredZeroCountInputsRemainUsableForCurrentFilters" classname="com.github.nhaeutilities.modules.patterngenerator.storage.RecipeCacheStorageTest" time="0.002"/>
  <testcase name="deleteRecipeMapRemovesPersistedFile" classname="com.github.nhaeutilities.modules.patterngenerator.storage.RecipeCacheStorageTest" time="0.008"/>
  <testcase name="metadataRoundTripsThroughCompressedNbt" classname="com.github.nhaeutilities.modules.patterngenerator.storage.RecipeCacheStorageTest" time="0.004"/>
  <testcase name="createRestoredItemStackPreservesZeroSizeForCustomItems" classname="com.github.nhaeutilities.modules.patterngenerator.storage.RecipeCacheStorageTest" time="0.001"/>
  <testcase name="loadRecipeMapReturnsNullForVersionSkewedPayload" classname="com.github.nhaeutilities.modules.patterngenerator.storage.RecipeCacheStorageTest" time="0.003"/>
  <testcase name="capturedWorldSaveRootKeepsCachePathStableWhenResolverTurnsNull" classname="com.github.nhaeutilities.modules.patterngenerator.storage.RecipeCacheStorageTest" time="0.006"/>
  <testcase name="writeItemStacksPreservesZeroCountForNcInputs" classname="com.github.nhaeutilities.modules.patterngenerator.storage.RecipeCacheStorageTest" time="0.001"/>
  <testcase name="recipeMapPayloadRoundTripsAndSanitizesUnsafeMapIds" classname="com.github.nhaeutilities.modules.patterngenerator.storage.RecipeCacheStorageTest" time="0.004"/>
  <system-out><![CDATA[]]></system-out>
  <system-err><![CDATA[]]></system-err>
</testsuite>
