<?xml version="1.0" encoding="UTF-8"?>
<testsuite name="com.github.nhaeutilities.modules.patterngenerator.util.I18nUtilTest" tests="3" skipped="0" failures="0" errors="0" timestamp="2026-03-28T18:04:54" hostname="CHAO" time="0.001">
  <properties/>
  <testcase name="trReturnsMappedText" classname="com.github.nhaeutilities.modules.patterngenerator.util.I18nUtilTest" time="0.001"/>
  <testcase name="trOrFallsBackWhenKeyMissing" classname="com.github.nhaeutilities.modules.patterngenerator.util.I18nUtilTest" time="0.0"/>
  <testcase name="trSupportsFormatting" classname="com.github.nhaeutilities.modules.patterngenerator.util.I18nUtilTest" time="0.0"/>
  <system-out><![CDATA[]]></system-out>
  <system-err><![CDATA[]]></system-err>
</testsuite>
