<?xml version="1.0" encoding="UTF-8"?>
<testsuite name="com.github.nhaeutilities.modules.patterngenerator.config.ReplacementConfigTest" tests="3" skipped="0" failures="0" errors="0" timestamp="2026-03-28T18:04:51" hostname="CHAO" time="0.011">
  <properties/>
  <testcase name="resolveConfigFileUsesExpectedLocalFileNameUnderProvidedDirectory" classname="com.github.nhaeutilities.modules.patterngenerator.config.ReplacementConfigTest" time="0.001"/>
  <testcase name="explicitConfigFileHelperUsesExpectedLocalFileName" classname="com.github.nhaeutilities.modules.patterngenerator.config.ReplacementConfigTest" time="0.0"/>
  <testcase name="loadCreatesTemplateAtRenamedLocalFile" classname="com.github.nhaeutilities.modules.patterngenerator.config.ReplacementConfigTest" time="0.009"/>
  <system-out><![CDATA[]]></system-out>
  <system-err><![CDATA[]]></system-err>
</testsuite>
