<?xml version="1.0" encoding="UTF-8"?>
<testsuite name="com.github.nhaeutilities.core.module.ModuleRegistryTest" tests="4" skipped="0" failures="0" errors="0" timestamp="2026-03-28T18:04:51" hostname="CHAO" time="0.002">
  <properties/>
  <testcase name="registryPreservesStableRegistrationOrder" classname="com.github.nhaeutilities.core.module.ModuleRegistryTest" time="0.001"/>
  <testcase name="registryRejectsRegistrationAfterBootstrapBegins" classname="com.github.nhaeutilities.core.module.ModuleRegistryTest" time="0.0"/>
  <testcase name="enabledModuleViewUsesFrozenBootstrapSnapshot" classname="com.github.nhaeutilities.core.module.ModuleRegistryTest" time="0.0"/>
  <testcase name="onlyEnabledModulesAreReturned" classname="com.github.nhaeutilities.core.module.ModuleRegistryTest" time="0.0"/>
  <system-out><![CDATA[]]></system-out>
  <system-err><![CDATA[]]></system-err>
</testsuite>
