<?xml version="1.0" encoding="UTF-8"?>
<testsuite name="com.github.nhaeutilities.modules.superwirelesskit.tool.SuperWirelessKitStackStateTest" tests="3" skipped="0" failures="0" errors="0" timestamp="2026-03-28T18:04:54" hostname="CHAO" time="0.006">
  <properties/>
  <testcase name="promotesQueuedTargetsIntoPendingBindings" classname="com.github.nhaeutilities.modules.superwirelesskit.tool.SuperWirelessKitStackStateTest" time="0.003"/>
  <testcase name="defaultsToQueueModeWithNoStoredState" classname="com.github.nhaeutilities.modules.superwirelesskit.tool.SuperWirelessKitStackStateTest" time="0.001"/>
  <testcase name="togglesModeAndPreservesStoredController" classname="com.github.nhaeutilities.modules.superwirelesskit.tool.SuperWirelessKitStackStateTest" time="0.002"/>
  <system-out><![CDATA[]]></system-out>
  <system-err><![CDATA[]]></system-err>
</testsuite>
