<?xml version="1.0" encoding="UTF-8"?>
<testsuite name="com.github.nhaeutilities.modules.patterngenerator.filter.RecipeFilterFactoryTest" tests="2" skipped="0" failures="0" errors="0" timestamp="2026-03-28T18:04:54" hostname="CHAO" time="0.005">
  <properties/>
  <testcase name="buildAddsEnabledFiltersInPriorityOrder" classname="com.github.nhaeutilities.modules.patterngenerator.filter.RecipeFilterFactoryTest" time="0.005"/>
  <testcase name="buildSkipsDisabledFilters" classname="com.github.nhaeutilities.modules.patterngenerator.filter.RecipeFilterFactoryTest" time="0.0"/>
  <system-out><![CDATA[]]></system-out>
  <system-err><![CDATA[]]></system-err>
</testsuite>
