<?xml version="1.0" encoding="UTF-8"?>
<testsuite name="com.github.nhaeutilities.modules.superwirelesskit.item.SuperWirelessKitInteractionRulesTest" tests="1" skipped="0" failures="0" errors="0" timestamp="2026-03-28T18:04:54" hostname="CHAO" time="0.0">
  <properties/>
  <testcase name="onlySneakAirShouldToggleMode" classname="com.github.nhaeutilities.modules.superwirelesskit.item.SuperWirelessKitInteractionRulesTest" time="0.0"/>
  <system-out><![CDATA[]]></system-out>
  <system-err><![CDATA[]]></system-err>
</testsuite>
