<?xml version="1.0" encoding="UTF-8"?>
<testsuite name="com.github.nhaeutilities.modules.patterngenerator.util.OreDictUtilTest" tests="2" skipped="0" failures="0" errors="0" timestamp="2026-03-28T18:04:54" hostname="CHAO" time="0.003">
  <properties/>
  <testcase name="emptySourceReturnsEmptyResult" classname="com.github.nhaeutilities.modules.patterngenerator.util.OreDictUtilTest" time="0.003"/>
  <testcase name="invalidOreIdsAreSkippedDuringNameMapping" classname="com.github.nhaeutilities.modules.patterngenerator.util.OreDictUtilTest" time="0.0"/>
  <system-out><![CDATA[]]></system-out>
  <system-err><![CDATA[]]></system-err>
</testsuite>
