<?xml version="1.0" encoding="UTF-8"?>
<testsuite name="com.github.nhaeutilities.modules.patterngenerator.config.ForgeConfigTest" tests="6" skipped="0" failures="0" errors="0" timestamp="2026-03-28T18:04:51" hostname="CHAO" time="0.001">
  <properties/>
  <testcase name="normalizeConflictBatchSizeClampsOutOfRangeValues" classname="com.github.nhaeutilities.modules.patterngenerator.config.ForgeConfigTest" time="0.0"/>
  <testcase name="recipeCacheDirectoryUsesExpectedDefault" classname="com.github.nhaeutilities.modules.patterngenerator.config.ForgeConfigTest" time="0.0"/>
  <testcase name="normalizeConflictBatchSizeKeepsValidValue" classname="com.github.nhaeutilities.modules.patterngenerator.config.ForgeConfigTest" time="0.0"/>
  <testcase name="storageDirectoryUsesExpectedDefault" classname="com.github.nhaeutilities.modules.patterngenerator.config.ForgeConfigTest" time="0.0"/>
  <testcase name="conflictBatchSizeUsesExpectedDefault" classname="com.github.nhaeutilities.modules.patterngenerator.config.ForgeConfigTest" time="0.0"/>
  <testcase name="defaultConfigFileUsesExpectedPathAndName" classname="com.github.nhaeutilities.modules.patterngenerator.config.ForgeConfigTest" time="0.0"/>
  <system-out><![CDATA[]]></system-out>
  <system-err><![CDATA[]]></system-err>
</testsuite>
