<?xml version="1.0" encoding="UTF-8"?>
<testsuite name="com.github.nhaeutilities.modules.patterngenerator.gui.ExplicitFilterDropFormatterTest" tests="7" skipped="0" failures="0" errors="0" timestamp="2026-03-28T18:04:54" hostname="CHAO" time="0.004">
  <properties/>
  <testcase name="fallsBackToEscapedDisplayNameWhenOnlyNameIsAvailable" classname="com.github.nhaeutilities.modules.patterngenerator.gui.ExplicitFilterDropFormatterTest" time="0.003"/>
  <testcase name="escapesRegexSpecialCharactersInOreTokens" classname="com.github.nhaeutilities.modules.patterngenerator.gui.ExplicitFilterDropFormatterTest" time="0.001"/>
  <testcase name="fallsBackToFirstOreNameWhenIdIsUnavailable" classname="com.github.nhaeutilities.modules.patterngenerator.gui.ExplicitFilterDropFormatterTest" time="0.0"/>
  <testcase name="buildChoicesSkipsBlankSources" classname="com.github.nhaeutilities.modules.patterngenerator.gui.ExplicitFilterDropFormatterTest" time="0.0"/>
  <testcase name="formatsIdAndMetaWhenMetaIsPresent" classname="com.github.nhaeutilities.modules.patterngenerator.gui.ExplicitFilterDropFormatterTest" time="0.0"/>
  <testcase name="formatsIdOnlyWhenMetaIsMissing" classname="com.github.nhaeutilities.modules.patterngenerator.gui.ExplicitFilterDropFormatterTest" time="0.0"/>
  <testcase name="buildChoicesPreservesPriorityAcrossAllSources" classname="com.github.nhaeutilities.modules.patterngenerator.gui.ExplicitFilterDropFormatterTest" time="0.0"/>
  <system-out><![CDATA[]]></system-out>
  <system-err><![CDATA[]]></system-err>
</testsuite>
