<?xml version="1.0" encoding="UTF-8"?>
<testsuite name="com.github.nhaeutilities.modules.superwirelesskit.data.SuperWirelessSavedDataTest" tests="1" skipped="0" failures="0" errors="0" timestamp="2026-03-28T18:04:54" hostname="CHAO" time="0.007">
  <properties/>
  <testcase name="roundTripsBindingRecordsWithBinderIdentityAndFingerprints" classname="com.github.nhaeutilities.modules.superwirelesskit.data.SuperWirelessSavedDataTest" time="0.007"/>
  <system-out><![CDATA[]]></system-out>
  <system-err><![CDATA[]]></system-err>
</testsuite>
