<?xml version="1.0" encoding="UTF-8"?>
<testsuite name="com.github.nhaeutilities.modules.patterngenerator.gui.GuiPatternGenStatusBridgeTest" tests="2" skipped="0" failures="0" errors="0" timestamp="2026-03-28T18:04:54" hostname="CHAO" time="0.041">
  <properties/>
  <testcase name="setStatusReturnsTheAssignedValue" classname="com.github.nhaeutilities.modules.patterngenerator.gui.GuiPatternGenStatusBridgeTest" time="0.0"/>
  <testcase name="clearStatusRestoresDefaultText" classname="com.github.nhaeutilities.modules.patterngenerator.gui.GuiPatternGenStatusBridgeTest" time="0.041"/>
  <system-out><![CDATA[]]></system-out>
  <system-err><![CDATA[]]></system-err>
</testsuite>
