<?xml version="1.0" encoding="UTF-8"?>
<testsuite name="com.github.nhaeutilities.core.module.ModuleLifecycleTest" tests="2" skipped="0" failures="0" errors="0" timestamp="2026-03-28T18:04:51" hostname="CHAO" time="0.006">
  <properties/>
  <testcase name="enabledModulesReceiveAllLifecycleCallbacksInOrderEvenIfDisabledLater" classname="com.github.nhaeutilities.core.module.ModuleLifecycleTest" time="0.005"/>
  <testcase name="disabledModulesNeverReceiveLifecycleCallbacks" classname="com.github.nhaeutilities.core.module.ModuleLifecycleTest" time="0.0"/>
  <system-out><![CDATA[]]></system-out>
  <system-err><![CDATA[]]></system-err>
</testsuite>
