<?xml version="1.0" encoding="UTF-8"?>
<testsuite name="com.github.nhaeutilities.modules.superwirelesskit.service.BindingRegistryTest" tests="4" skipped="0" failures="0" errors="0" timestamp="2026-03-28T18:04:54" hostname="CHAO" time="0.007">
  <properties/>
  <testcase name="removeUpdatesIndexes" classname="com.github.nhaeutilities.modules.superwirelesskit.service.BindingRegistryTest" time="0.005"/>
  <testcase name="enforcesThirtyTwoBindingsPerControllerFace" classname="com.github.nhaeutilities.modules.superwirelesskit.service.BindingRegistryTest" time="0.002"/>
  <testcase name="indexesBindingsByBlockAndChunkForTargetedRefresh" classname="com.github.nhaeutilities.modules.superwirelesskit.service.BindingRegistryTest" time="0.0"/>
  <testcase name="rejectsDuplicateTargetBindings" classname="com.github.nhaeutilities.modules.superwirelesskit.service.BindingRegistryTest" time="0.0"/>
  <system-out><![CDATA[]]></system-out>
  <system-err><![CDATA[]]></system-err>
</testsuite>
