<?xml version="1.0" encoding="UTF-8"?>
<testsuite name="com.github.nhaeutilities.modules.patterngenerator.recipe.RecipeCollectionCacheTest" tests="2" skipped="0" failures="0" errors="0" timestamp="2026-03-28T18:04:54" hostname="CHAO" time="0.001">
  <properties/>
  <testcase name="clearDropsCachedEntries" classname="com.github.nhaeutilities.modules.patterngenerator.recipe.RecipeCollectionCacheTest" time="0.0"/>
  <testcase name="repeatedLookupsComputeOnlyOnce" classname="com.github.nhaeutilities.modules.patterngenerator.recipe.RecipeCollectionCacheTest" time="0.001"/>
  <system-out><![CDATA[]]></system-out>
  <system-err><![CDATA[]]></system-err>
</testsuite>
